<?xml version="1.0" encoding="UTF-8"?>
<!-- Generated by org.testng.reporters.JUnitReportReporter -->
<testsuite hostname="DESKTOP-LNEMVF5" failures="0" tests="1" name="com.day9.task5" time="24.005" errors="0" timestamp="2023-05-04T21:21:54 IST" skipped="0">
  <testcase classname="com.day9.task5" name="f" time="24.005"/>
  <system-out/>
</testsuite> <!-- com.day9.task5 -->
